2025-12-03 23:06:33 [main] WARN  TestNGContentHandler - It is strongly recommended to add "<!DOCTYPE suite SYSTEM "https://testng.org/testng-1.1.dtd" >" at the top of the suite file [C:\Users\admin\eclipse-workspace\Selenium-Automation\testng.xml] otherwise TestNG may fail or not work as expected.
2025-12-03 23:06:33 [main] INFO  Utils - [TestNG] Running:
  C:\Users\admin\eclipse-workspace\Selenium-Automation\testng.xml

2025-12-03 23:06:34 [main] INFO  Log - Starting WebDriver ...
2025-12-03 23:06:36 [main] INFO  Log - redirect to URL page ...
2025-12-03 23:06:36 [main] INFO  Log - starting login test....
2025-12-03 23:06:36 [main] INFO  Log - adding credentials ...
2025-12-03 23:06:36 [main] INFO  Log - entering username..user1
2025-12-03 23:06:37 [main] INFO  Log - entering password..pass1
2025-12-03 23:06:37 [main] INFO  Log - Clicking login button..
2025-12-03 23:06:37 [main] INFO  Log - verifying page title ...
2025-12-03 23:06:37 [main] ERROR Log - ❌ Test FAILED: Title did NOT match
2025-12-03 23:06:37 [main] ERROR Log - Expected: Just a moment...
2025-12-03 23:06:37 [main] ERROR Log - Actual:   nopCommerce demo store. Login
2025-12-03 23:06:37 [main] INFO  Log - closing WebDriver ...
2025-12-03 23:06:37 [main] INFO  Log - Starting WebDriver ...
2025-12-03 23:06:38 [main] INFO  Log - redirect to URL page ...
2025-12-03 23:06:39 [main] INFO  Log - starting login test....
2025-12-03 23:06:39 [main] INFO  Log - adding credentials ...
2025-12-03 23:06:39 [main] INFO  Log - entering username..user2
2025-12-03 23:06:39 [main] INFO  Log - entering password..pass2
2025-12-03 23:06:40 [main] INFO  Log - Clicking login button..
2025-12-03 23:06:40 [main] INFO  Log - verifying page title ...
2025-12-03 23:06:40 [main] ERROR Log - ❌ Test FAILED: Title did NOT match
2025-12-03 23:06:40 [main] ERROR Log - Expected: Just a moment...
2025-12-03 23:06:40 [main] ERROR Log - Actual:   nopCommerce demo store. Login
2025-12-03 23:06:40 [main] INFO  Log - closing WebDriver ...
2025-12-03 23:06:40 [main] INFO  Log - Starting WebDriver ...
2025-12-03 23:06:41 [main] INFO  Log - redirect to URL page ...
2025-12-03 23:06:42 [main] INFO  Log - starting login test....
2025-12-03 23:06:42 [main] INFO  Log - adding credentials ...
2025-12-03 23:06:42 [main] INFO  Log - entering username..admin@yourstore.com
2025-12-03 23:06:42 [main] INFO  Log - entering password..admin@yourstore.com
2025-12-03 23:06:42 [main] INFO  Log - Clicking login button..
2025-12-03 23:06:43 [main] INFO  Log - verifying page title ...
2025-12-03 23:06:43 [main] INFO  Log - ✔ Test PASSED: Title matched
2025-12-03 23:06:43 [main] INFO  Log - closing WebDriver ...
2025-12-05 15:53:47 [main] WARN  TestNGContentHandler - It is strongly recommended to add "<!DOCTYPE suite SYSTEM "https://testng.org/testng-1.1.dtd" >" at the top of the suite file [C:\Users\admin\eclipse-workspace\Selenium-Automation\testng2failtestcase.xml] otherwise TestNG may fail or not work as expected.
2025-12-05 15:53:47 [main] INFO  Utils - [TestNG] Running:
  C:\Users\admin\eclipse-workspace\Selenium-Automation\testng2failtestcase.xml

2025-12-05 15:53:47 [main] INFO  Log - Starting WebDriver ...
2025-12-05 15:53:49 [main] INFO  Log - redirect to URL page ...
2025-12-05 15:53:50 [main] INFO  Log - closing WebDriver ...
