<?xml version="1.0" encoding="UTF-8"?>
<testng-results ignored="0" total="1" passed="1" failed="0" skipped="0">
  <reporter-output>
  </reporter-output>
  <suite started-at="2025-12-03T12:21:39 IST" name="Loginsuite" finished-at="2025-12-03T12:21:45 IST" duration-ms="5639">
    <groups>
    </groups>
    <test started-at="2025-12-03T12:21:39 IST" name="Logintest" finished-at="2025-12-03T12:21:45 IST" duration-ms="5639">
      <class name="tests.Logintest">
        <test-method is-config="true" signature="setUp()[pri:0, instance:tests.Logintest@7c351808]" started-at="2025-12-03T12:21:39 IST" name="setUp" finished-at="2025-12-03T12:21:43 IST" duration-ms="4021" status="PASS">
          <reporter-output>
          </reporter-output>
        </test-method> <!-- setUp -->
        <test-method signature="testvalidlogin()[pri:0, instance:tests.Logintest@7c351808]" started-at="2025-12-03T12:21:43 IST" name="testvalidlogin" finished-at="2025-12-03T12:21:45 IST" duration-ms="1155" status="PASS">
          <reporter-output>
          </reporter-output>
        </test-method> <!-- testvalidlogin -->
        <test-method is-config="true" signature="tearDown()[pri:0, instance:tests.Logintest@7c351808]" started-at="2025-12-03T12:21:45 IST" name="tearDown" finished-at="2025-12-03T12:21:45 IST" duration-ms="232" status="PASS">
          <reporter-output>
          </reporter-output>
        </test-method> <!-- tearDown -->
      </class> <!-- tests.Logintest -->
    </test> <!-- Logintest -->
  </suite> <!-- Loginsuite -->
</testng-results>
