<?xml version="1.0" encoding="UTF-8"?>
<!-- Generated by org.testng.reporters.JUnitReportReporter -->
<testsuite hostname="DESKTOP-2F32EBK" failures="0" tests="3" name="tests.Logintest" time="9.057" errors="0" timestamp="2025-12-03T23:06:43 IST" skipped="0">
  <testcase classname="tests.Logintest" name="testvalidlogin" time="2.623"/>
  <testcase classname="tests.Logintest" name="testvalidlogin" time="3.297"/>
  <testcase classname="tests.Logintest" name="testvalidlogin" time="3.137"/>
</testsuite> <!-- tests.Logintest -->
