<?xml version="1.0" encoding="UTF-8"?>
<!-- Generated by org.testng.reporters.JUnitXMLReporter -->
<testsuite ignored="0" hostname="DESKTOP-2F32EBK" failures="0" tests="3" name="Logintest" time="9.806" errors="0" timestamp="2025-12-03T23:06:43 IST">
  <testcase classname="tests.Logintest" name="testvalidlogin" time="0.611"/>
  <testcase classname="tests.Logintest" name="testvalidlogin" time="0.782"/>
  <testcase classname="tests.Logintest" name="testvalidlogin" time="1.187"/>
</testsuite> <!-- Logintest -->
